2021-06-03T14:30:00.063Z|info : amplify pull core  {"appId":"[***]zsdscj","envName":"[***]ing","yes":false}
2021-06-03T14:30:35.185Z|info : amplify-provider-awscloudformation.amplify-service-permission-check.checkAmplifyServiceIAMPermission.amplifyClient.listApps([])
2021-06-03T14:30:35.964Z|info : amplify-provider-awscloudformation.attach-backend.getAmplifyApp.amplifyClient.getApp([{"appId":"[***]zsdscj"}])
2021-06-03T14:30:36.157Z|info : amplify-provider-awscloudformation.attach-backend.getBackendEnv.amplifyClient.getBackendEnvironment([{"appId":"[***]zsdscj","environmentName":"[***]ing"}])
2021-06-03T14:30:36.370Z|info : amplify-provider-awscloudformation.attach-backend.downloadBackend.s3.getObject([{"Key":"[***]rent-[***]ud-[***]d.zip","Bucket":"[***]ify-[***]ter-[***]ing-[***]344-[***]ment"}])
2021-06-03T14:32:42.863Z|info : amplify-provider-awscloudformation.zip-util.downloadZip.s3.getFile([{"Key":"[***]rent-[***]ud-[***]d.zip"},null])
2021-06-03T14:32:42.875Z|info : amplify-provider-awscloudformation.aws-s3.s3.getFile([{"Key":"[***]rent-[***]ud-[***]d.zip","Bucket":"[***]ify-[***]ter-[***]ing-[***]344-[***]ment"}])
2021-06-03T14:32:43.177Z|info : amplify-provider-awscloudformation.initialize-env.run.cfn.updateamplifyMetaFileWithStackOutputs([{"StackName":"[***]ify-[***]ter-[***]ing-[***]344"}])
2021-06-03T14:32:43.185Z|info : amplify-provider-awscloudformation.aws-cfn.updateamplifyMetaFileWithStackOutputs.cfn.describeStackResources([{"StackName":"[***]ify-[***]ter-[***]ing-[***]344"}])
2021-06-03T14:32:43.500Z|info : amplify-provider-awscloudformation.aws-s3.s3.getFile([{"Key":"[***]ify-[***]json","Bucket":"[***]ify-[***]ter-[***]ing-[***]344-[***]ment"}])
2021-06-03T14:33:49.935Z|info : amplify add auth  
2021-06-03T14:34:51.025Z|info : amplify push core  
2021-06-03T14:35:07.139Z|info : amplify-provider-awscloudformation.zip-util.downloadZip.s3.getFile([{"Key":"[***]rent-[***]ud-[***]d.zip"},null])
2021-06-03T14:35:07.147Z|info : amplify-provider-awscloudformation.aws-s3.s3.getFile([{"Key":"[***]rent-[***]ud-[***]d.zip","Bucket":"[***]ify-[***]ter-[***]ing-[***]344-[***]ment"}])
2021-06-03T14:35:07.426Z|info : amplify-provider-awscloudformation.initialize-env.run.cfn.updateamplifyMetaFileWithStackOutputs([{"StackName":"[***]ify-[***]ter-[***]ing-[***]344"}])
2021-06-03T14:35:07.432Z|info : amplify-provider-awscloudformation.aws-cfn.updateamplifyMetaFileWithStackOutputs.cfn.describeStackResources([{"StackName":"[***]ify-[***]ter-[***]ing-[***]344"}])
2021-06-03T14:35:07.690Z|info : amplify-provider-awscloudformation.aws-s3.s3.getFile([{"Key":"[***]ify-[***]json","Bucket":"[***]ify-[***]ter-[***]ing-[***]344-[***]ment"}])
2021-06-03T14:35:34.688Z|info : amplify-provider-awscloudformation.aws-s3.uploadFile.s3.putObject([{"Key":"[***]ify-[***]fn-[***]ates/[***]th/[***]35f3e3-[***]mation-[***]e.yml","Bucket":"[***]ify-[***]ter-[***]ing-[***]344-[***]ment"}])
2021-06-03T14:35:38.302Z|info : amplify-provider-awscloudformation.push-resources.updateCloudFormationNestedStack(["C:\\Users\\bhurv\\Downloads\\aws_flutter_examples-master\\aws_flutter_examples-master\\amplify\\backend\\awscloudformation","C:\\Users\\bhurv\\Downloads\\aws_flutter_examples-master\\aws_flutter_examples-master\\amplify\\backend\\awscloudformation\\build\\awscloudformation\\nested-cloudformation-stack.yml"])
2021-06-03T14:35:38.349Z|info : amplify-provider-awscloudformation.aws-cfn.updateResourceStack.s3.uploadFile([{}])
2021-06-03T14:35:38.349Z|info : amplify-provider-awscloudformation.aws-s3.uploadFile.s3.putObject([{"Key":"[***]ted-[***]mation-[***].yml","Bucket":"[***]ify-[***]ter-[***]ing-[***]344-[***]ment"}])
2021-06-03T14:35:38.597Z|info : amplify-provider-awscloudformation.aws-cfn.updateResourceStack.describeStack([{"StackName":"[***]ify-[***]ter-[***]ing-[***]344"}])
2021-06-03T14:35:38.598Z|info : amplify-provider-awscloudformation.aws-cfn.describeStack.cfn.describeStacks([{"StackName":"[***]ify-[***]ter-[***]ing-[***]344"}])
2021-06-03T14:35:38.823Z|info : amplify-provider-awscloudformation.aws-cfn.updateResourceStack.updateStack([{"StackName":"[***]ify-[***]ter-[***]ing-[***]344"}])
2021-06-03T14:35:45.074Z|info : amplify-provider-awscloudformation.aws-cfn.getStackEvents.cfnModel.describeStackEvents([{"StackName":"[***]ify-[***]ter-[***]ing-[***]344"}])
2021-06-03T14:35:45.339Z|info : amplify-provider-awscloudformation.aws-cfn.getStackEvents.cfnModel.describeStackEvents([{"StackName":"[***]rmation:ap-[***]th-[***]75:stack/[***]ify-[***]ter-[***]ing-[***]344/[***]df60-[***]77-[***]eb-[***]6e-[***]fafde"}])
2021-06-03T14:35:50.079Z|info : amplify-provider-awscloudformation.aws-cfn.getStackEvents.cfnModel.describeStackEvents([{"StackName":"[***]ify-[***]ter-[***]ing-[***]344"}])
2021-06-03T14:35:50.344Z|info : amplify-provider-awscloudformation.aws-cfn.getStackEvents.cfnModel.describeStackEvents([{"StackName":"[***]rmation:ap-[***]th-[***]75:stack/[***]ify-[***]ter-[***]ing-[***]344-[***]6235f3e3-[***]EV2U7P/[***]8d30-[***]78-[***]eb-[***]00-[***]bb56c"}])
2021-06-03T14:35:50.452Z|info : amplify-provider-awscloudformation.aws-cfn.getStackEvents.cfnModel.describeStackEvents([{"StackName":"[***]rmation:ap-[***]th-[***]75:stack/[***]ify-[***]ter-[***]ing-[***]344/[***]df60-[***]77-[***]eb-[***]6e-[***]fafde"}])
2021-06-03T14:35:50.700Z|info : amplify-provider-awscloudformation.aws-cfn.getStackEvents.cfnModel.describeStackEvents([{"StackName":"[***]rmation:ap-[***]th-[***]75:stack/[***]ify-[***]ter-[***]ing-[***]344-[***]6235f3e3-[***]EV2U7P/[***]8d30-[***]78-[***]eb-[***]00-[***]bb56c"}])
2021-06-03T14:35:55.094Z|info : amplify-provider-awscloudformation.aws-cfn.getStackEvents.cfnModel.describeStackEvents([{"StackName":"[***]ify-[***]ter-[***]ing-[***]344"}])
2021-06-03T14:35:55.331Z|info : amplify-provider-awscloudformation.aws-cfn.getStackEvents.cfnModel.describeStackEvents([{"StackName":"[***]rmation:ap-[***]th-[***]75:stack/[***]ify-[***]ter-[***]ing-[***]344-[***]6235f3e3-[***]EV2U7P/[***]8d30-[***]78-[***]eb-[***]00-[***]bb56c"}])
2021-06-03T14:35:55.438Z|info : amplify-provider-awscloudformation.aws-cfn.getStackEvents.cfnModel.describeStackEvents([{"StackName":"[***]rmation:ap-[***]th-[***]75:stack/[***]ify-[***]ter-[***]ing-[***]344/[***]df60-[***]77-[***]eb-[***]6e-[***]fafde"}])
2021-06-03T14:35:55.703Z|info : amplify-provider-awscloudformation.aws-cfn.getStackEvents.cfnModel.describeStackEvents([{"StackName":"[***]rmation:ap-[***]th-[***]75:stack/[***]ify-[***]ter-[***]ing-[***]344-[***]6235f3e3-[***]EV2U7P/[***]8d30-[***]78-[***]eb-[***]00-[***]bb56c"}])
2021-06-03T14:36:00.106Z|info : amplify-provider-awscloudformation.aws-cfn.getStackEvents.cfnModel.describeStackEvents([{"StackName":"[***]ify-[***]ter-[***]ing-[***]344"}])
2021-06-03T14:36:00.358Z|info : amplify-provider-awscloudformation.aws-cfn.getStackEvents.cfnModel.describeStackEvents([{"StackName":"[***]rmation:ap-[***]th-[***]75:stack/[***]ify-[***]ter-[***]ing-[***]344-[***]6235f3e3-[***]EV2U7P/[***]8d30-[***]78-[***]eb-[***]00-[***]bb56c"}])
2021-06-03T14:36:00.465Z|info : amplify-provider-awscloudformation.aws-cfn.getStackEvents.cfnModel.describeStackEvents([{"StackName":"[***]rmation:ap-[***]th-[***]75:stack/[***]ify-[***]ter-[***]ing-[***]344/[***]df60-[***]77-[***]eb-[***]6e-[***]fafde"}])
2021-06-03T14:36:00.699Z|info : amplify-provider-awscloudformation.aws-cfn.getStackEvents.cfnModel.describeStackEvents([{"StackName":"[***]rmation:ap-[***]th-[***]75:stack/[***]ify-[***]ter-[***]ing-[***]344-[***]6235f3e3-[***]EV2U7P/[***]8d30-[***]78-[***]eb-[***]00-[***]bb56c"}])
2021-06-03T14:36:05.087Z|info : amplify-provider-awscloudformation.aws-cfn.getStackEvents.cfnModel.describeStackEvents([{"StackName":"[***]ify-[***]ter-[***]ing-[***]344"}])
2021-06-03T14:36:05.380Z|info : amplify-provider-awscloudformation.aws-cfn.getStackEvents.cfnModel.describeStackEvents([{"StackName":"[***]rmation:ap-[***]th-[***]75:stack/[***]ify-[***]ter-[***]ing-[***]344-[***]6235f3e3-[***]EV2U7P/[***]8d30-[***]78-[***]eb-[***]00-[***]bb56c"}])
2021-06-03T14:36:05.473Z|info : amplify-provider-awscloudformation.aws-cfn.getStackEvents.cfnModel.describeStackEvents([{"StackName":"[***]rmation:ap-[***]th-[***]75:stack/[***]ify-[***]ter-[***]ing-[***]344/[***]df60-[***]77-[***]eb-[***]6e-[***]fafde"}])
2021-06-03T14:36:05.754Z|info : amplify-provider-awscloudformation.aws-cfn.getStackEvents.cfnModel.describeStackEvents([{"StackName":"[***]rmation:ap-[***]th-[***]75:stack/[***]ify-[***]ter-[***]ing-[***]344-[***]6235f3e3-[***]EV2U7P/[***]8d30-[***]78-[***]eb-[***]00-[***]bb56c"}])
2021-06-03T14:36:10.101Z|info : amplify-provider-awscloudformation.aws-cfn.getStackEvents.cfnModel.describeStackEvents([{"StackName":"[***]ify-[***]ter-[***]ing-[***]344"}])
2021-06-03T14:36:10.402Z|info : amplify-provider-awscloudformation.aws-cfn.getStackEvents.cfnModel.describeStackEvents([{"StackName":"[***]rmation:ap-[***]th-[***]75:stack/[***]ify-[***]ter-[***]ing-[***]344-[***]6235f3e3-[***]EV2U7P/[***]8d30-[***]78-[***]eb-[***]00-[***]bb56c"}])
2021-06-03T14:36:10.495Z|info : amplify-provider-awscloudformation.aws-cfn.getStackEvents.cfnModel.describeStackEvents([{"StackName":"[***]rmation:ap-[***]th-[***]75:stack/[***]ify-[***]ter-[***]ing-[***]344/[***]df60-[***]77-[***]eb-[***]6e-[***]fafde"}])
2021-06-03T14:36:10.774Z|info : amplify-provider-awscloudformation.aws-cfn.getStackEvents.cfnModel.describeStackEvents([{"StackName":"[***]rmation:ap-[***]th-[***]75:stack/[***]ify-[***]ter-[***]ing-[***]344-[***]6235f3e3-[***]EV2U7P/[***]8d30-[***]78-[***]eb-[***]00-[***]bb56c"}])
2021-06-03T14:36:15.116Z|info : amplify-provider-awscloudformation.aws-cfn.getStackEvents.cfnModel.describeStackEvents([{"StackName":"[***]ify-[***]ter-[***]ing-[***]344"}])
2021-06-03T14:36:15.334Z|info : amplify-provider-awscloudformation.aws-cfn.getStackEvents.cfnModel.describeStackEvents([{"StackName":"[***]rmation:ap-[***]th-[***]75:stack/[***]ify-[***]ter-[***]ing-[***]344-[***]6235f3e3-[***]EV2U7P/[***]8d30-[***]78-[***]eb-[***]00-[***]bb56c"}])
2021-06-03T14:36:15.444Z|info : amplify-provider-awscloudformation.aws-cfn.getStackEvents.cfnModel.describeStackEvents([{"StackName":"[***]rmation:ap-[***]th-[***]75:stack/[***]ify-[***]ter-[***]ing-[***]344/[***]df60-[***]77-[***]eb-[***]6e-[***]fafde"}])
2021-06-03T14:36:15.709Z|info : amplify-provider-awscloudformation.aws-cfn.getStackEvents.cfnModel.describeStackEvents([{"StackName":"[***]rmation:ap-[***]th-[***]75:stack/[***]ify-[***]ter-[***]ing-[***]344-[***]6235f3e3-[***]EV2U7P/[***]8d30-[***]78-[***]eb-[***]00-[***]bb56c"}])
2021-06-03T14:36:20.111Z|info : amplify-provider-awscloudformation.aws-cfn.getStackEvents.cfnModel.describeStackEvents([{"StackName":"[***]ify-[***]ter-[***]ing-[***]344"}])
2021-06-03T14:36:20.439Z|info : amplify-provider-awscloudformation.aws-cfn.getStackEvents.cfnModel.describeStackEvents([{"StackName":"[***]rmation:ap-[***]th-[***]75:stack/[***]ify-[***]ter-[***]ing-[***]344-[***]6235f3e3-[***]EV2U7P/[***]8d30-[***]78-[***]eb-[***]00-[***]bb56c"}])
2021-06-03T14:36:20.533Z|info : amplify-provider-awscloudformation.aws-cfn.getStackEvents.cfnModel.describeStackEvents([{"StackName":"[***]rmation:ap-[***]th-[***]75:stack/[***]ify-[***]ter-[***]ing-[***]344/[***]df60-[***]77-[***]eb-[***]6e-[***]fafde"}])
2021-06-03T14:36:20.812Z|info : amplify-provider-awscloudformation.aws-cfn.getStackEvents.cfnModel.describeStackEvents([{"StackName":"[***]rmation:ap-[***]th-[***]75:stack/[***]ify-[***]ter-[***]ing-[***]344-[***]6235f3e3-[***]EV2U7P/[***]8d30-[***]78-[***]eb-[***]00-[***]bb56c"}])
2021-06-03T14:36:25.135Z|info : amplify-provider-awscloudformation.aws-cfn.getStackEvents.cfnModel.describeStackEvents([{"StackName":"[***]ify-[***]ter-[***]ing-[***]344"}])
2021-06-03T14:36:25.413Z|info : amplify-provider-awscloudformation.aws-cfn.getStackEvents.cfnModel.describeStackEvents([{"StackName":"[***]rmation:ap-[***]th-[***]75:stack/[***]ify-[***]ter-[***]ing-[***]344-[***]6235f3e3-[***]EV2U7P/[***]8d30-[***]78-[***]eb-[***]00-[***]bb56c"}])
2021-06-03T14:36:25.508Z|info : amplify-provider-awscloudformation.aws-cfn.getStackEvents.cfnModel.describeStackEvents([{"StackName":"[***]rmation:ap-[***]th-[***]75:stack/[***]ify-[***]ter-[***]ing-[***]344/[***]df60-[***]77-[***]eb-[***]6e-[***]fafde"}])
2021-06-03T14:36:25.788Z|info : amplify-provider-awscloudformation.aws-cfn.getStackEvents.cfnModel.describeStackEvents([{"StackName":"[***]rmation:ap-[***]th-[***]75:stack/[***]ify-[***]ter-[***]ing-[***]344-[***]6235f3e3-[***]EV2U7P/[***]8d30-[***]78-[***]eb-[***]00-[***]bb56c"}])
2021-06-03T14:36:30.130Z|info : amplify-provider-awscloudformation.aws-cfn.getStackEvents.cfnModel.describeStackEvents([{"StackName":"[***]ify-[***]ter-[***]ing-[***]344"}])
2021-06-03T14:36:30.436Z|info : amplify-provider-awscloudformation.aws-cfn.getStackEvents.cfnModel.describeStackEvents([{"StackName":"[***]rmation:ap-[***]th-[***]75:stack/[***]ify-[***]ter-[***]ing-[***]344-[***]6235f3e3-[***]EV2U7P/[***]8d30-[***]78-[***]eb-[***]00-[***]bb56c"}])
2021-06-03T14:36:30.530Z|info : amplify-provider-awscloudformation.aws-cfn.getStackEvents.cfnModel.describeStackEvents([{"StackName":"[***]rmation:ap-[***]th-[***]75:stack/[***]ify-[***]ter-[***]ing-[***]344/[***]df60-[***]77-[***]eb-[***]6e-[***]fafde"}])
2021-06-03T14:36:30.780Z|info : amplify-provider-awscloudformation.aws-cfn.getStackEvents.cfnModel.describeStackEvents([{"StackName":"[***]rmation:ap-[***]th-[***]75:stack/[***]ify-[***]ter-[***]ing-[***]344-[***]6235f3e3-[***]EV2U7P/[***]8d30-[***]78-[***]eb-[***]00-[***]bb56c"}])
2021-06-03T14:36:35.155Z|info : amplify-provider-awscloudformation.aws-cfn.getStackEvents.cfnModel.describeStackEvents([{"StackName":"[***]ify-[***]ter-[***]ing-[***]344"}])
2021-06-03T14:36:35.468Z|info : amplify-provider-awscloudformation.aws-cfn.getStackEvents.cfnModel.describeStackEvents([{"StackName":"[***]rmation:ap-[***]th-[***]75:stack/[***]ify-[***]ter-[***]ing-[***]344-[***]6235f3e3-[***]EV2U7P/[***]8d30-[***]78-[***]eb-[***]00-[***]bb56c"}])
2021-06-03T14:36:35.553Z|info : amplify-provider-awscloudformation.aws-cfn.getStackEvents.cfnModel.describeStackEvents([{"StackName":"[***]rmation:ap-[***]th-[***]75:stack/[***]ify-[***]ter-[***]ing-[***]344/[***]df60-[***]77-[***]eb-[***]6e-[***]fafde"}])
2021-06-03T14:36:35.798Z|info : amplify-provider-awscloudformation.aws-cfn.getStackEvents.cfnModel.describeStackEvents([{"StackName":"[***]rmation:ap-[***]th-[***]75:stack/[***]ify-[***]ter-[***]ing-[***]344-[***]6235f3e3-[***]EV2U7P/[***]8d30-[***]78-[***]eb-[***]00-[***]bb56c"}])
2021-06-03T14:36:40.156Z|info : amplify-provider-awscloudformation.aws-cfn.getStackEvents.cfnModel.describeStackEvents([{"StackName":"[***]ify-[***]ter-[***]ing-[***]344"}])
2021-06-03T14:36:40.443Z|info : amplify-provider-awscloudformation.aws-cfn.getStackEvents.cfnModel.describeStackEvents([{"StackName":"[***]rmation:ap-[***]th-[***]75:stack/[***]ify-[***]ter-[***]ing-[***]344-[***]6235f3e3-[***]EV2U7P/[***]8d30-[***]78-[***]eb-[***]00-[***]bb56c"}])
2021-06-03T14:36:40.528Z|info : amplify-provider-awscloudformation.aws-cfn.getStackEvents.cfnModel.describeStackEvents([{"StackName":"[***]rmation:ap-[***]th-[***]75:stack/[***]ify-[***]ter-[***]ing-[***]344/[***]df60-[***]77-[***]eb-[***]6e-[***]fafde"}])
2021-06-03T14:36:40.771Z|info : amplify-provider-awscloudformation.aws-cfn.getStackEvents.cfnModel.describeStackEvents([{"StackName":"[***]rmation:ap-[***]th-[***]75:stack/[***]ify-[***]ter-[***]ing-[***]344-[***]6235f3e3-[***]EV2U7P/[***]8d30-[***]78-[***]eb-[***]00-[***]bb56c"}])
2021-06-03T14:36:45.142Z|info : amplify-provider-awscloudformation.aws-cfn.getStackEvents.cfnModel.describeStackEvents([{"StackName":"[***]ify-[***]ter-[***]ing-[***]344"}])
2021-06-03T14:36:45.436Z|info : amplify-provider-awscloudformation.aws-cfn.getStackEvents.cfnModel.describeStackEvents([{"StackName":"[***]rmation:ap-[***]th-[***]75:stack/[***]ify-[***]ter-[***]ing-[***]344-[***]6235f3e3-[***]EV2U7P/[***]8d30-[***]78-[***]eb-[***]00-[***]bb56c"}])
2021-06-03T14:36:45.529Z|info : amplify-provider-awscloudformation.aws-cfn.getStackEvents.cfnModel.describeStackEvents([{"StackName":"[***]rmation:ap-[***]th-[***]75:stack/[***]ify-[***]ter-[***]ing-[***]344/[***]df60-[***]77-[***]eb-[***]6e-[***]fafde"}])
2021-06-03T14:36:45.779Z|info : amplify-provider-awscloudformation.aws-cfn.getStackEvents.cfnModel.describeStackEvents([{"StackName":"[***]rmation:ap-[***]th-[***]75:stack/[***]ify-[***]ter-[***]ing-[***]344-[***]6235f3e3-[***]EV2U7P/[***]8d30-[***]78-[***]eb-[***]00-[***]bb56c"}])
2021-06-03T14:36:50.147Z|info : amplify-provider-awscloudformation.aws-cfn.getStackEvents.cfnModel.describeStackEvents([{"StackName":"[***]ify-[***]ter-[***]ing-[***]344"}])
2021-06-03T14:36:50.442Z|info : amplify-provider-awscloudformation.aws-cfn.getStackEvents.cfnModel.describeStackEvents([{"StackName":"[***]rmation:ap-[***]th-[***]75:stack/[***]ify-[***]ter-[***]ing-[***]344-[***]6235f3e3-[***]EV2U7P/[***]8d30-[***]78-[***]eb-[***]00-[***]bb56c"}])
2021-06-03T14:36:50.535Z|info : amplify-provider-awscloudformation.aws-cfn.getStackEvents.cfnModel.describeStackEvents([{"StackName":"[***]rmation:ap-[***]th-[***]75:stack/[***]ify-[***]ter-[***]ing-[***]344/[***]df60-[***]77-[***]eb-[***]6e-[***]fafde"}])
2021-06-03T14:36:50.817Z|info : amplify-provider-awscloudformation.aws-cfn.getStackEvents.cfnModel.describeStackEvents([{"StackName":"[***]rmation:ap-[***]th-[***]75:stack/[***]ify-[***]ter-[***]ing-[***]344-[***]6235f3e3-[***]EV2U7P/[***]8d30-[***]78-[***]eb-[***]00-[***]bb56c"}])
2021-06-03T14:36:55.170Z|info : amplify-provider-awscloudformation.aws-cfn.getStackEvents.cfnModel.describeStackEvents([{"StackName":"[***]ify-[***]ter-[***]ing-[***]344"}])
2021-06-03T14:36:55.515Z|info : amplify-provider-awscloudformation.aws-cfn.getStackEvents.cfnModel.describeStackEvents([{"StackName":"[***]rmation:ap-[***]th-[***]75:stack/[***]ify-[***]ter-[***]ing-[***]344-[***]6235f3e3-[***]EV2U7P/[***]8d30-[***]78-[***]eb-[***]00-[***]bb56c"}])
2021-06-03T14:36:55.608Z|info : amplify-provider-awscloudformation.aws-cfn.getStackEvents.cfnModel.describeStackEvents([{"StackName":"[***]rmation:ap-[***]th-[***]75:stack/[***]ify-[***]ter-[***]ing-[***]344/[***]df60-[***]77-[***]eb-[***]6e-[***]fafde"}])
2021-06-03T14:36:55.890Z|info : amplify-provider-awscloudformation.aws-cfn.getStackEvents.cfnModel.describeStackEvents([{"StackName":"[***]rmation:ap-[***]th-[***]75:stack/[***]ify-[***]ter-[***]ing-[***]344-[***]6235f3e3-[***]EV2U7P/[***]8d30-[***]78-[***]eb-[***]00-[***]bb56c"}])
2021-06-03T14:37:00.169Z|info : amplify-provider-awscloudformation.aws-cfn.getStackEvents.cfnModel.describeStackEvents([{"StackName":"[***]ify-[***]ter-[***]ing-[***]344"}])
2021-06-03T14:37:00.451Z|info : amplify-provider-awscloudformation.aws-cfn.getStackEvents.cfnModel.describeStackEvents([{"StackName":"[***]rmation:ap-[***]th-[***]75:stack/[***]ify-[***]ter-[***]ing-[***]344-[***]6235f3e3-[***]EV2U7P/[***]8d30-[***]78-[***]eb-[***]00-[***]bb56c"}])
2021-06-03T14:37:00.546Z|info : amplify-provider-awscloudformation.aws-cfn.getStackEvents.cfnModel.describeStackEvents([{"StackName":"[***]rmation:ap-[***]th-[***]75:stack/[***]ify-[***]ter-[***]ing-[***]344/[***]df60-[***]77-[***]eb-[***]6e-[***]fafde"}])
2021-06-03T14:37:01.047Z|info : amplify-provider-awscloudformation.aws-cfn.getStackEvents.cfnModel.describeStackEvents([{"StackName":"[***]rmation:ap-[***]th-[***]75:stack/[***]ify-[***]ter-[***]ing-[***]344-[***]6235f3e3-[***]EV2U7P/[***]8d30-[***]78-[***]eb-[***]00-[***]bb56c"}])
2021-06-03T14:37:05.176Z|info : amplify-provider-awscloudformation.aws-cfn.getStackEvents.cfnModel.describeStackEvents([{"StackName":"[***]ify-[***]ter-[***]ing-[***]344"}])
2021-06-03T14:37:05.525Z|info : amplify-provider-awscloudformation.aws-cfn.getStackEvents.cfnModel.describeStackEvents([{"StackName":"[***]rmation:ap-[***]th-[***]75:stack/[***]ify-[***]ter-[***]ing-[***]344-[***]6235f3e3-[***]EV2U7P/[***]8d30-[***]78-[***]eb-[***]00-[***]bb56c"}])
2021-06-03T14:37:05.619Z|info : amplify-provider-awscloudformation.aws-cfn.getStackEvents.cfnModel.describeStackEvents([{"StackName":"[***]rmation:ap-[***]th-[***]75:stack/[***]ify-[***]ter-[***]ing-[***]344/[***]df60-[***]77-[***]eb-[***]6e-[***]fafde"}])
2021-06-03T14:37:05.872Z|info : amplify-provider-awscloudformation.aws-cfn.getStackEvents.cfnModel.describeStackEvents([{"StackName":"[***]rmation:ap-[***]th-[***]75:stack/[***]ify-[***]ter-[***]ing-[***]344-[***]6235f3e3-[***]EV2U7P/[***]8d30-[***]78-[***]eb-[***]00-[***]bb56c"}])
2021-06-03T14:37:10.178Z|info : amplify-provider-awscloudformation.aws-cfn.getStackEvents.cfnModel.describeStackEvents([{"StackName":"[***]ify-[***]ter-[***]ing-[***]344"}])
2021-06-03T14:37:10.501Z|info : amplify-provider-awscloudformation.aws-cfn.getStackEvents.cfnModel.describeStackEvents([{"StackName":"[***]rmation:ap-[***]th-[***]75:stack/[***]ify-[***]ter-[***]ing-[***]344-[***]6235f3e3-[***]EV2U7P/[***]8d30-[***]78-[***]eb-[***]00-[***]bb56c"}])
2021-06-03T14:37:10.611Z|info : amplify-provider-awscloudformation.aws-cfn.getStackEvents.cfnModel.describeStackEvents([{"StackName":"[***]rmation:ap-[***]th-[***]75:stack/[***]ify-[***]ter-[***]ing-[***]344/[***]df60-[***]77-[***]eb-[***]6e-[***]fafde"}])
2021-06-03T14:37:10.829Z|info : amplify-provider-awscloudformation.aws-cfn.getStackEvents.cfnModel.describeStackEvents([{"StackName":"[***]rmation:ap-[***]th-[***]75:stack/[***]ify-[***]ter-[***]ing-[***]344-[***]6235f3e3-[***]EV2U7P/[***]8d30-[***]78-[***]eb-[***]00-[***]bb56c"}])
2021-06-03T14:37:15.197Z|info : amplify-provider-awscloudformation.aws-cfn.getStackEvents.cfnModel.describeStackEvents([{"StackName":"[***]ify-[***]ter-[***]ing-[***]344"}])
2021-06-03T14:37:15.765Z|info : amplify-provider-awscloudformation.aws-cfn.getStackEvents.cfnModel.describeStackEvents([{"StackName":"[***]rmation:ap-[***]th-[***]75:stack/[***]ify-[***]ter-[***]ing-[***]344-[***]6235f3e3-[***]EV2U7P/[***]8d30-[***]78-[***]eb-[***]00-[***]bb56c"}])
2021-06-03T14:37:15.859Z|info : amplify-provider-awscloudformation.aws-cfn.getStackEvents.cfnModel.describeStackEvents([{"StackName":"[***]rmation:ap-[***]th-[***]75:stack/[***]ify-[***]ter-[***]ing-[***]344/[***]df60-[***]77-[***]eb-[***]6e-[***]fafde"}])
2021-06-03T14:37:16.106Z|info : amplify-provider-awscloudformation.aws-cfn.getStackEvents.cfnModel.describeStackEvents([{"StackName":"[***]rmation:ap-[***]th-[***]75:stack/[***]ify-[***]ter-[***]ing-[***]344-[***]6235f3e3-[***]EV2U7P/[***]8d30-[***]78-[***]eb-[***]00-[***]bb56c"}])
2021-06-03T14:37:20.194Z|info : amplify-provider-awscloudformation.aws-cfn.getStackEvents.cfnModel.describeStackEvents([{"StackName":"[***]ify-[***]ter-[***]ing-[***]344"}])
2021-06-03T14:37:20.459Z|info : amplify-provider-awscloudformation.aws-cfn.getStackEvents.cfnModel.describeStackEvents([{"StackName":"[***]rmation:ap-[***]th-[***]75:stack/[***]ify-[***]ter-[***]ing-[***]344-[***]6235f3e3-[***]EV2U7P/[***]8d30-[***]78-[***]eb-[***]00-[***]bb56c"}])
2021-06-03T14:37:20.553Z|info : amplify-provider-awscloudformation.aws-cfn.getStackEvents.cfnModel.describeStackEvents([{"StackName":"[***]rmation:ap-[***]th-[***]75:stack/[***]ify-[***]ter-[***]ing-[***]344/[***]df60-[***]77-[***]eb-[***]6e-[***]fafde"}])
2021-06-03T14:37:20.834Z|info : amplify-provider-awscloudformation.aws-cfn.getStackEvents.cfnModel.describeStackEvents([{"StackName":"[***]rmation:ap-[***]th-[***]75:stack/[***]ify-[***]ter-[***]ing-[***]344-[***]6235f3e3-[***]EV2U7P/[***]8d30-[***]78-[***]eb-[***]00-[***]bb56c"}])
2021-06-03T14:37:25.204Z|info : amplify-provider-awscloudformation.aws-cfn.getStackEvents.cfnModel.describeStackEvents([{"StackName":"[***]ify-[***]ter-[***]ing-[***]344"}])
2021-06-03T14:37:25.486Z|info : amplify-provider-awscloudformation.aws-cfn.getStackEvents.cfnModel.describeStackEvents([{"StackName":"[***]rmation:ap-[***]th-[***]75:stack/[***]ify-[***]ter-[***]ing-[***]344-[***]6235f3e3-[***]EV2U7P/[***]8d30-[***]78-[***]eb-[***]00-[***]bb56c"}])
2021-06-03T14:37:25.593Z|info : amplify-provider-awscloudformation.aws-cfn.getStackEvents.cfnModel.describeStackEvents([{"StackName":"[***]rmation:ap-[***]th-[***]75:stack/[***]ify-[***]ter-[***]ing-[***]344/[***]df60-[***]77-[***]eb-[***]6e-[***]fafde"}])
2021-06-03T14:37:25.826Z|info : amplify-provider-awscloudformation.aws-cfn.getStackEvents.cfnModel.describeStackEvents([{"StackName":"[***]rmation:ap-[***]th-[***]75:stack/[***]ify-[***]ter-[***]ing-[***]344-[***]6235f3e3-[***]EV2U7P/[***]8d30-[***]78-[***]eb-[***]00-[***]bb56c"}])
2021-06-03T14:37:30.209Z|info : amplify-provider-awscloudformation.aws-cfn.getStackEvents.cfnModel.describeStackEvents([{"StackName":"[***]ify-[***]ter-[***]ing-[***]344"}])
2021-06-03T14:37:30.475Z|info : amplify-provider-awscloudformation.aws-cfn.getStackEvents.cfnModel.describeStackEvents([{"StackName":"[***]rmation:ap-[***]th-[***]75:stack/[***]ify-[***]ter-[***]ing-[***]344-[***]6235f3e3-[***]EV2U7P/[***]8d30-[***]78-[***]eb-[***]00-[***]bb56c"}])
2021-06-03T14:37:30.569Z|info : amplify-provider-awscloudformation.aws-cfn.getStackEvents.cfnModel.describeStackEvents([{"StackName":"[***]rmation:ap-[***]th-[***]75:stack/[***]ify-[***]ter-[***]ing-[***]344/[***]df60-[***]77-[***]eb-[***]6e-[***]fafde"}])
2021-06-03T14:37:30.838Z|info : amplify-provider-awscloudformation.aws-cfn.getStackEvents.cfnModel.describeStackEvents([{"StackName":"[***]rmation:ap-[***]th-[***]75:stack/[***]ify-[***]ter-[***]ing-[***]344-[***]6235f3e3-[***]EV2U7P/[***]8d30-[***]78-[***]eb-[***]00-[***]bb56c"}])
2021-06-03T14:37:35.234Z|info : amplify-provider-awscloudformation.aws-cfn.getStackEvents.cfnModel.describeStackEvents([{"StackName":"[***]ify-[***]ter-[***]ing-[***]344"}])
2021-06-03T14:37:35.763Z|info : amplify-provider-awscloudformation.aws-cfn.getStackEvents.cfnModel.describeStackEvents([{"StackName":"[***]rmation:ap-[***]th-[***]75:stack/[***]ify-[***]ter-[***]ing-[***]344-[***]6235f3e3-[***]EV2U7P/[***]8d30-[***]78-[***]eb-[***]00-[***]bb56c"}])
2021-06-03T14:37:35.857Z|info : amplify-provider-awscloudformation.aws-cfn.getStackEvents.cfnModel.describeStackEvents([{"StackName":"[***]rmation:ap-[***]th-[***]75:stack/[***]ify-[***]ter-[***]ing-[***]344/[***]df60-[***]77-[***]eb-[***]6e-[***]fafde"}])
2021-06-03T14:37:36.121Z|info : amplify-provider-awscloudformation.aws-cfn.getStackEvents.cfnModel.describeStackEvents([{"StackName":"[***]rmation:ap-[***]th-[***]75:stack/[***]ify-[***]ter-[***]ing-[***]344-[***]6235f3e3-[***]EV2U7P/[***]8d30-[***]78-[***]eb-[***]00-[***]bb56c"}])
2021-06-03T14:37:40.245Z|info : amplify-provider-awscloudformation.aws-cfn.getStackEvents.cfnModel.describeStackEvents([{"StackName":"[***]ify-[***]ter-[***]ing-[***]344"}])
2021-06-03T14:37:40.495Z|info : amplify-provider-awscloudformation.aws-cfn.getStackEvents.cfnModel.describeStackEvents([{"StackName":"[***]rmation:ap-[***]th-[***]75:stack/[***]ify-[***]ter-[***]ing-[***]344-[***]6235f3e3-[***]EV2U7P/[***]8d30-[***]78-[***]eb-[***]00-[***]bb56c"}])
2021-06-03T14:37:40.582Z|info : amplify-provider-awscloudformation.aws-cfn.getStackEvents.cfnModel.describeStackEvents([{"StackName":"[***]rmation:ap-[***]th-[***]75:stack/[***]ify-[***]ter-[***]ing-[***]344/[***]df60-[***]77-[***]eb-[***]6e-[***]fafde"}])
2021-06-03T14:37:40.826Z|info : amplify-provider-awscloudformation.aws-cfn.getStackEvents.cfnModel.describeStackEvents([{"StackName":"[***]rmation:ap-[***]th-[***]75:stack/[***]ify-[***]ter-[***]ing-[***]344-[***]6235f3e3-[***]EV2U7P/[***]8d30-[***]78-[***]eb-[***]00-[***]bb56c"}])
2021-06-03T14:37:45.244Z|info : amplify-provider-awscloudformation.aws-cfn.getStackEvents.cfnModel.describeStackEvents([{"StackName":"[***]ify-[***]ter-[***]ing-[***]344"}])
2021-06-03T14:37:45.512Z|info : amplify-provider-awscloudformation.aws-cfn.getStackEvents.cfnModel.describeStackEvents([{"StackName":"[***]rmation:ap-[***]th-[***]75:stack/[***]ify-[***]ter-[***]ing-[***]344-[***]6235f3e3-[***]EV2U7P/[***]8d30-[***]78-[***]eb-[***]00-[***]bb56c"}])
2021-06-03T14:37:45.595Z|info : amplify-provider-awscloudformation.aws-cfn.getStackEvents.cfnModel.describeStackEvents([{"StackName":"[***]rmation:ap-[***]th-[***]75:stack/[***]ify-[***]ter-[***]ing-[***]344/[***]df60-[***]77-[***]eb-[***]6e-[***]fafde"}])
2021-06-03T14:37:45.826Z|info : amplify-provider-awscloudformation.aws-cfn.getStackEvents.cfnModel.describeStackEvents([{"StackName":"[***]rmation:ap-[***]th-[***]75:stack/[***]ify-[***]ter-[***]ing-[***]344-[***]6235f3e3-[***]EV2U7P/[***]8d30-[***]78-[***]eb-[***]00-[***]bb56c"}])
2021-06-03T14:37:50.243Z|info : amplify-provider-awscloudformation.aws-cfn.getStackEvents.cfnModel.describeStackEvents([{"StackName":"[***]ify-[***]ter-[***]ing-[***]344"}])
2021-06-03T14:37:50.490Z|info : amplify-provider-awscloudformation.aws-cfn.getStackEvents.cfnModel.describeStackEvents([{"StackName":"[***]rmation:ap-[***]th-[***]75:stack/[***]ify-[***]ter-[***]ing-[***]344-[***]6235f3e3-[***]EV2U7P/[***]8d30-[***]78-[***]eb-[***]00-[***]bb56c"}])
2021-06-03T14:37:50.597Z|info : amplify-provider-awscloudformation.aws-cfn.getStackEvents.cfnModel.describeStackEvents([{"StackName":"[***]rmation:ap-[***]th-[***]75:stack/[***]ify-[***]ter-[***]ing-[***]344/[***]df60-[***]77-[***]eb-[***]6e-[***]fafde"}])
2021-06-03T14:37:50.878Z|info : amplify-provider-awscloudformation.aws-cfn.getStackEvents.cfnModel.describeStackEvents([{"StackName":"[***]rmation:ap-[***]th-[***]75:stack/[***]ify-[***]ter-[***]ing-[***]344-[***]6235f3e3-[***]EV2U7P/[***]8d30-[***]78-[***]eb-[***]00-[***]bb56c"}])
2021-06-03T14:37:55.282Z|info : amplify-provider-awscloudformation.aws-cfn.getStackEvents.cfnModel.describeStackEvents([{"StackName":"[***]ify-[***]ter-[***]ing-[***]344"}])
2021-06-03T14:37:55.564Z|info : amplify-provider-awscloudformation.aws-cfn.getStackEvents.cfnModel.describeStackEvents([{"StackName":"[***]rmation:ap-[***]th-[***]75:stack/[***]ify-[***]ter-[***]ing-[***]344-[***]6235f3e3-[***]EV2U7P/[***]8d30-[***]78-[***]eb-[***]00-[***]bb56c"}])
2021-06-03T14:37:55.648Z|info : amplify-provider-awscloudformation.aws-cfn.getStackEvents.cfnModel.describeStackEvents([{"StackName":"[***]rmation:ap-[***]th-[***]75:stack/[***]ify-[***]ter-[***]ing-[***]344/[***]df60-[***]77-[***]eb-[***]6e-[***]fafde"}])
2021-06-03T14:37:55.956Z|info : amplify-provider-awscloudformation.aws-cfn.getStackEvents.cfnModel.describeStackEvents([{"StackName":"[***]rmation:ap-[***]th-[***]75:stack/[***]ify-[***]ter-[***]ing-[***]344-[***]6235f3e3-[***]EV2U7P/[***]8d30-[***]78-[***]eb-[***]00-[***]bb56c"}])
2021-06-03T14:38:00.291Z|info : amplify-provider-awscloudformation.aws-cfn.getStackEvents.cfnModel.describeStackEvents([{"StackName":"[***]ify-[***]ter-[***]ing-[***]344"}])
2021-06-03T14:38:00.588Z|info : amplify-provider-awscloudformation.aws-cfn.getStackEvents.cfnModel.describeStackEvents([{"StackName":"[***]rmation:ap-[***]th-[***]75:stack/[***]ify-[***]ter-[***]ing-[***]344-[***]6235f3e3-[***]EV2U7P/[***]8d30-[***]78-[***]eb-[***]00-[***]bb56c"}])
2021-06-03T14:38:00.687Z|info : amplify-provider-awscloudformation.aws-cfn.getStackEvents.cfnModel.describeStackEvents([{"StackName":"[***]rmation:ap-[***]th-[***]75:stack/[***]ify-[***]ter-[***]ing-[***]344/[***]df60-[***]77-[***]eb-[***]6e-[***]fafde"}])
2021-06-03T14:38:00.961Z|info : amplify-provider-awscloudformation.aws-cfn.getStackEvents.cfnModel.describeStackEvents([{"StackName":"[***]rmation:ap-[***]th-[***]75:stack/[***]ify-[***]ter-[***]ing-[***]344-[***]6235f3e3-[***]EV2U7P/[***]8d30-[***]78-[***]eb-[***]00-[***]bb56c"}])
2021-06-03T14:38:05.301Z|info : amplify-provider-awscloudformation.aws-cfn.getStackEvents.cfnModel.describeStackEvents([{"StackName":"[***]ify-[***]ter-[***]ing-[***]344"}])
2021-06-03T14:38:05.598Z|info : amplify-provider-awscloudformation.aws-cfn.getStackEvents.cfnModel.describeStackEvents([{"StackName":"[***]rmation:ap-[***]th-[***]75:stack/[***]ify-[***]ter-[***]ing-[***]344-[***]6235f3e3-[***]EV2U7P/[***]8d30-[***]78-[***]eb-[***]00-[***]bb56c"}])
2021-06-03T14:38:05.693Z|info : amplify-provider-awscloudformation.aws-cfn.getStackEvents.cfnModel.describeStackEvents([{"StackName":"[***]rmation:ap-[***]th-[***]75:stack/[***]ify-[***]ter-[***]ing-[***]344/[***]df60-[***]77-[***]eb-[***]6e-[***]fafde"}])
2021-06-03T14:38:06.005Z|info : amplify-provider-awscloudformation.aws-cfn.getStackEvents.cfnModel.describeStackEvents([{"StackName":"[***]rmation:ap-[***]th-[***]75:stack/[***]ify-[***]ter-[***]ing-[***]344-[***]6235f3e3-[***]EV2U7P/[***]8d30-[***]78-[***]eb-[***]00-[***]bb56c"}])
2021-06-03T14:38:10.312Z|info : amplify-provider-awscloudformation.aws-cfn.getStackEvents.cfnModel.describeStackEvents([{"StackName":"[***]ify-[***]ter-[***]ing-[***]344"}])
2021-06-03T14:38:10.594Z|info : amplify-provider-awscloudformation.aws-cfn.getStackEvents.cfnModel.describeStackEvents([{"StackName":"[***]rmation:ap-[***]th-[***]75:stack/[***]ify-[***]ter-[***]ing-[***]344-[***]6235f3e3-[***]EV2U7P/[***]8d30-[***]78-[***]eb-[***]00-[***]bb56c"}])
2021-06-03T14:38:10.687Z|info : amplify-provider-awscloudformation.aws-cfn.getStackEvents.cfnModel.describeStackEvents([{"StackName":"[***]rmation:ap-[***]th-[***]75:stack/[***]ify-[***]ter-[***]ing-[***]344/[***]df60-[***]77-[***]eb-[***]6e-[***]fafde"}])
2021-06-03T14:38:11.012Z|info : amplify-provider-awscloudformation.aws-cfn.getStackEvents.cfnModel.describeStackEvents([{"StackName":"[***]rmation:ap-[***]th-[***]75:stack/[***]ify-[***]ter-[***]ing-[***]344-[***]6235f3e3-[***]EV2U7P/[***]8d30-[***]78-[***]eb-[***]00-[***]bb56c"}])
2021-06-03T14:38:15.300Z|info : amplify-provider-awscloudformation.aws-cfn.getStackEvents.cfnModel.describeStackEvents([{"StackName":"[***]ify-[***]ter-[***]ing-[***]344"}])
2021-06-03T14:38:15.580Z|info : amplify-provider-awscloudformation.aws-cfn.getStackEvents.cfnModel.describeStackEvents([{"StackName":"[***]rmation:ap-[***]th-[***]75:stack/[***]ify-[***]ter-[***]ing-[***]344-[***]6235f3e3-[***]EV2U7P/[***]8d30-[***]78-[***]eb-[***]00-[***]bb56c"}])
2021-06-03T14:38:15.672Z|info : amplify-provider-awscloudformation.aws-cfn.getStackEvents.cfnModel.describeStackEvents([{"StackName":"[***]rmation:ap-[***]th-[***]75:stack/[***]ify-[***]ter-[***]ing-[***]344/[***]df60-[***]77-[***]eb-[***]6e-[***]fafde"}])
2021-06-03T14:38:15.952Z|info : amplify-provider-awscloudformation.aws-cfn.getStackEvents.cfnModel.describeStackEvents([{"StackName":"[***]rmation:ap-[***]th-[***]75:stack/[***]ify-[***]ter-[***]ing-[***]344-[***]6235f3e3-[***]EV2U7P/[***]8d30-[***]78-[***]eb-[***]00-[***]bb56c"}])
2021-06-03T14:38:20.327Z|info : amplify-provider-awscloudformation.aws-cfn.getStackEvents.cfnModel.describeStackEvents([{"StackName":"[***]ify-[***]ter-[***]ing-[***]344"}])
2021-06-03T14:38:20.655Z|info : amplify-provider-awscloudformation.aws-cfn.getStackEvents.cfnModel.describeStackEvents([{"StackName":"[***]rmation:ap-[***]th-[***]75:stack/[***]ify-[***]ter-[***]ing-[***]344-[***]6235f3e3-[***]EV2U7P/[***]8d30-[***]78-[***]eb-[***]00-[***]bb56c"}])
2021-06-03T14:38:20.741Z|info : amplify-provider-awscloudformation.aws-cfn.getStackEvents.cfnModel.describeStackEvents([{"StackName":"[***]rmation:ap-[***]th-[***]75:stack/[***]ify-[***]ter-[***]ing-[***]344/[***]df60-[***]77-[***]eb-[***]6e-[***]fafde"}])
2021-06-03T14:38:20.998Z|info : amplify-provider-awscloudformation.aws-cfn.getStackEvents.cfnModel.describeStackEvents([{"StackName":"[***]rmation:ap-[***]th-[***]75:stack/[***]ify-[***]ter-[***]ing-[***]344-[***]6235f3e3-[***]EV2U7P/[***]8d30-[***]78-[***]eb-[***]00-[***]bb56c"}])
2021-06-03T14:38:25.342Z|info : amplify-provider-awscloudformation.aws-cfn.getStackEvents.cfnModel.describeStackEvents([{"StackName":"[***]ify-[***]ter-[***]ing-[***]344"}])
2021-06-03T14:38:25.604Z|info : amplify-provider-awscloudformation.aws-cfn.getStackEvents.cfnModel.describeStackEvents([{"StackName":"[***]rmation:ap-[***]th-[***]75:stack/[***]ify-[***]ter-[***]ing-[***]344/[***]df60-[***]77-[***]eb-[***]6e-[***]fafde"}])
2021-06-03T14:38:30.351Z|info : amplify-provider-awscloudformation.aws-cfn.getStackEvents.cfnModel.describeStackEvents([{"StackName":"[***]ify-[***]ter-[***]ing-[***]344"}])
2021-06-03T14:38:30.618Z|info : amplify-provider-awscloudformation.aws-cfn.getStackEvents.cfnModel.describeStackEvents([{"StackName":"[***]rmation:ap-[***]th-[***]75:stack/[***]ify-[***]ter-[***]ing-[***]344/[***]df60-[***]77-[***]eb-[***]6e-[***]fafde"}])
2021-06-03T14:38:35.362Z|info : amplify-provider-awscloudformation.aws-cfn.getStackEvents.cfnModel.describeStackEvents([{"StackName":"[***]ify-[***]ter-[***]ing-[***]344"}])
2021-06-03T14:38:35.643Z|info : amplify-provider-awscloudformation.aws-cfn.getStackEvents.cfnModel.describeStackEvents([{"StackName":"[***]rmation:ap-[***]th-[***]75:stack/[***]ify-[***]ter-[***]ing-[***]344/[***]df60-[***]77-[***]eb-[***]6e-[***]fafde"}])
2021-06-03T14:38:40.359Z|info : amplify-provider-awscloudformation.aws-cfn.getStackEvents.cfnModel.describeStackEvents([{"StackName":"[***]ify-[***]ter-[***]ing-[***]344"}])
2021-06-03T14:38:40.685Z|info : amplify-provider-awscloudformation.aws-cfn.getStackEvents.cfnModel.describeStackEvents([{"StackName":"[***]rmation:ap-[***]th-[***]75:stack/[***]ify-[***]ter-[***]ing-[***]344/[***]df60-[***]77-[***]eb-[***]6e-[***]fafde"}])
2021-06-03T14:38:41.863Z|info : amplify-provider-awscloudformation.aws-cfn.updateamplifyMetaFileWithStackOutputs.cfn.describeStackResources([{"StackName":"[***]ify-[***]ter-[***]ing-[***]344"}])
2021-06-03T14:38:42.082Z|info : amplify-provider-awscloudformation.aws-cfn.describeStack.cfn.describeStacks([{"StackName":"[***]rmation:ap-[***]th-[***]75:stack/[***]ify-[***]ter-[***]ing-[***]344-[***]6235f3e3-[***]EV2U7P/[***]8d30-[***]78-[***]eb-[***]00-[***]bb56c"}])
2021-06-03T14:38:45.297Z|info : amplify-provider-awscloudformation.push-resources.storeCurrentcoudBackend.s3.uploadFile([{"Key":"[***]rent-[***]ud-[***]d.zip"}])
2021-06-03T14:38:45.299Z|info : amplify-provider-awscloudformation.aws-s3.uploadFile.s3.putObject([{"Key":"[***]rent-[***]ud-[***]d.zip","Bucket":"[***]ify-[***]ter-[***]ing-[***]344-[***]ment"}])
2021-06-03T14:38:45.551Z|info : amplify-provider-awscloudformation.amplify-service-manager.s3.uploadFile([{"Key":"[***]ify-[***]json"}])
2021-06-03T14:38:45.552Z|info : amplify-provider-awscloudformation.aws-s3.uploadFile.s3.putObject([{"Key":"[***]ify-[***]json","Bucket":"[***]ify-[***]ter-[***]ing-[***]344-[***]ment"}])
2021-06-03T14:38:45.782Z|info : amplify-provider-awscloudformation.amplify-service-manager.s3.uploadFile([{"Key":"[***]end-[***].json"}])
2021-06-03T14:38:45.784Z|info : amplify-provider-awscloudformation.aws-s3.uploadFile.s3.putObject([{"Key":"[***]end-[***].json","Bucket":"[***]ify-[***]ter-[***]ing-[***]344-[***]ment"}])
2021-06-03T14:38:46.047Z|info : amplify-provider-awscloudformation.display-helpful-urls.showCognitoSandBoxMessage(["flutter6235f3e3"])
